#
# There is insufficient memory for the Java Runtime Environment to continue.
# Native memory allocation (malloc) failed to allocate 520176 bytes for Chunk::new
# Possible reasons:
#   The system is out of physical RAM or swap space
#   In 32 bit mode, the process size limit was hit
# Possible solutions:
#   Reduce memory load on the system
#   Increase physical memory or swap space
#   Check if swap backing store is full
#   Use 64 bit Java on a 64 bit OS
#   Decrease Java heap size (-Xmx/-Xms)
#   Decrease number of Java threads
#   Decrease Java thread stack sizes (-Xss)
#   Set larger code cache with -XX:ReservedCodeCacheSize=
# This output file may be truncated or incomplete.
#
#  Out of Memory Error (allocation.cpp:390), pid=5332, tid=0x0000000000002614
#
# JRE version: Java(TM) SE Runtime Environment (8.0_144-b01) (build 1.8.0_144-b01)
# Java VM: Java HotSpot(TM) 64-Bit Server VM (25.144-b01 mixed mode windows-amd64 compressed oops)
# Failed to write core dump. Minidumps are not enabled by default on client versions of Windows
#

---------------  T H R E A D  ---------------

Current thread (0x0000000019026800):  JavaThread "C2 CompilerThread1" daemon [_thread_in_native, id=9748, stack(0x0000000019760000,0x0000000019860000)]

Stack: [0x0000000019760000,0x0000000019860000]
[error occurred during error reporting (printing stack bounds), id 0xc0000005]

Native frames: (J=compiled Java code, j=interpreted, Vv=VM code, C=native code)


Current CompileTask:
C2:   3437 1120   !   4       org.apache.tomcat.util.IntrospectionUtils::setProperty (884 bytes)


---------------  P R O C E S S  ---------------

Java Threads: ( => current thread )
  0x000000001a2a6000 JavaThread "background-preinit" [_thread_in_vm, id=3784, stack(0x000000001aaf0000,0x000000001abf0000)]
  0x00000000190c9000 JavaThread "Service Thread" daemon [_thread_blocked, id=8688, stack(0x0000000019bc0000,0x0000000019cc0000)]
  0x0000000019030000 JavaThread "C1 CompilerThread2" daemon [_thread_blocked, id=6660, stack(0x0000000019880000,0x0000000019980000)]
=>0x0000000019026800 JavaThread "C2 CompilerThread1" daemon [_thread_in_native, id=9748, stack(0x0000000019760000,0x0000000019860000)]
  0x0000000018f7f800 JavaThread "C2 CompilerThread0" daemon [_thread_in_native, id=6204, stack(0x0000000019540000,0x0000000019640000)]
  0x0000000018faf800 JavaThread "Monitor Ctrl-Break" daemon [_thread_in_native, id=5284, stack(0x00000000193e0000,0x00000000194e0000)]
  0x0000000018d12800 JavaThread "Attach Listener" daemon [_thread_blocked, id=10044, stack(0x0000000019170000,0x0000000019270000)]
  0x00000000178df000 JavaThread "Signal Dispatcher" daemon [_thread_blocked, id=7384, stack(0x0000000018700000,0x0000000018800000)]
  0x00000000178c1800 JavaThread "Finalizer" daemon [_thread_blocked, id=9376, stack(0x0000000018c00000,0x0000000018d00000)]
  0x0000000017878800 JavaThread "Reference Handler" daemon [_thread_blocked, id=7368, stack(0x0000000018a50000,0x0000000018b50000)]
  0x000000000220b000 JavaThread "main" [_thread_in_native, id=5172, stack(0x00000000026d0000,0x00000000027d0000)]

Other Threads:
  0x0000000017873000 VMThread [stack: 0x0000000018850000,0x0000000018950000] [id=12324]
  0x00000000190ff000 WatcherThread [stack: 0x000000001a550000,0x000000001a650000] [id=10224]

VM state:not at safepoint (normal execution)

VM Mutex/Monitor currently owned by a thread: None

Heap:
 PSYoungGen      total 38400K, used 27320K [0x00000000d5580000, 0x00000000da080000, 0x0000000100000000)
  eden space 33280K, 66% used [0x00000000d5580000,0x00000000d6b307e0,0x00000000d7600000)
  from space 5120K, 99% used [0x00000000d7b00000,0x00000000d7ffd880,0x00000000d8000000)
  to   space 5120K, 0% used [0x00000000d7600000,0x00000000d7600000,0x00000000d7b00000)
 ParOldGen       total 87552K, used 1506K [0x0000000080000000, 0x0000000085580000, 0x00000000d5580000)
  object space 87552K, 1% used [0x0000000080000000,0x0000000080178a30,0x0000000085580000)
 Metaspace       used 16104K, capacity 16300K, committed 16384K, reserved 1062912K
  class space    used 1952K, capacity 1996K, committed 2048K, reserved 1048576K

Card table byte_map: [0x0000000011b90000,0x0000000011fa0000] byte_map_base: 0x0000000011790000

Marking Bits: (ParMarkBitMap*) 0x000000006b38d850
 Begin Bits: [0x0000000012ae0000, 0x0000000014ae0000)
 End Bits:   [0x0000000014ae0000, 0x0000000016ae0000)

Polling page: 0x0000000000120000

CodeCache: size=245760Kb used=4582Kb max_used=4593Kb free=241177Kb
 bounds [0x00000000027d0000, 0x0000000002c60000, 0x00000000117d0000]
 total_blobs=1531 nmethods=1206 adapters=238
 compilation: enabled

Compilation events (10 events):
Event: 3.430 Thread 0x0000000019030000 1206       3       com.sun.org.apache.xerces.internal.util.ParserConfigurationSettings::getProperty (20 bytes)
Event: 3.431 Thread 0x0000000019030000 nmethod 1206 0x0000000002c4dd50 code [0x0000000002c4dec0, 0x0000000002c4e248]
Event: 3.431 Thread 0x0000000019030000 1207       3       java.lang.Byte::toUnsignedInt (6 bytes)
Event: 3.431 Thread 0x0000000019030000 nmethod 1207 0x0000000002c4da50 code [0x0000000002c4dba0, 0x0000000002c4dcd0]
Event: 3.436 Thread 0x0000000019030000 1208       1       java.util.concurrent.locks.AbstractOwnableSynchronizer::setExclusiveOwnerThread (6 bytes)
Event: 3.436 Thread 0x0000000019030000 nmethod 1208 0x0000000002c4d6d0 code [0x0000000002c4d820, 0x0000000002c4d950]
Event: 3.436 Thread 0x0000000019030000 1209       3       org.apache.tomcat.util.digester.Rule::finish (1 bytes)
Event: 3.436 Thread 0x0000000019030000 nmethod 1209 0x0000000002c4c210 code [0x0000000002c4c360, 0x0000000002c4c4b0]
Event: 3.436 Thread 0x0000000018f7f800 nmethod 1202 0x0000000002c4b9d0 code [0x0000000002c4bb20, 0x0000000002c4be88]
Event: 3.436 Thread 0x0000000018f7f800 1205       4       com.sun.org.apache.xerces.internal.impl.XMLEntityScanner::skipChar (285 bytes)

GC Heap History (4 events):
Event: 2.724 GC heap before
{Heap before GC invocations=1 (full 0):
 PSYoungGen      total 38400K, used 33280K [0x00000000d5580000, 0x00000000d8000000, 0x0000000100000000)
  eden space 33280K, 100% used [0x00000000d5580000,0x00000000d7600000,0x00000000d7600000)
  from space 5120K, 0% used [0x00000000d7b00000,0x00000000d7b00000,0x00000000d8000000)
  to   space 5120K, 0% used [0x00000000d7600000,0x00000000d7600000,0x00000000d7b00000)
 ParOldGen       total 87552K, used 0K [0x0000000080000000, 0x0000000085580000, 0x00000000d5580000)
  object space 87552K, 0% used [0x0000000080000000,0x0000000080000000,0x0000000085580000)
 Metaspace       used 9608K, capacity 9774K, committed 9984K, reserved 1058816K
  class space    used 1182K, capacity 1207K, committed 1280K, reserved 1048576K
Event: 2.731 GC heap after
Heap after GC invocations=1 (full 0):
 PSYoungGen      total 38400K, used 5093K [0x00000000d5580000, 0x00000000d8000000, 0x0000000100000000)
  eden space 33280K, 0% used [0x00000000d5580000,0x00000000d5580000,0x00000000d7600000)
  from space 5120K, 99% used [0x00000000d7600000,0x00000000d7af9730,0x00000000d7b00000)
  to   space 5120K, 0% used [0x00000000d7b00000,0x00000000d7b00000,0x00000000d8000000)
 ParOldGen       total 87552K, used 230K [0x0000000080000000, 0x0000000085580000, 0x00000000d5580000)
  object space 87552K, 0% used [0x0000000080000000,0x0000000080039948,0x0000000085580000)
 Metaspace       used 9608K, capacity 9774K, committed 9984K, reserved 1058816K
  class space    used 1182K, capacity 1207K, committed 1280K, reserved 1048576K
}
Event: 3.104 GC heap before
{Heap before GC invocations=2 (full 0):
 PSYoungGen      total 38400K, used 38373K [0x00000000d5580000, 0x00000000d8000000, 0x0000000100000000)
  eden space 33280K, 100% used [0x00000000d5580000,0x00000000d7600000,0x00000000d7600000)
  from space 5120K, 99% used [0x00000000d7600000,0x00000000d7af9730,0x00000000d7b00000)
  to   space 5120K, 0% used [0x00000000d7b00000,0x00000000d7b00000,0x00000000d8000000)
 ParOldGen       total 87552K, used 230K [0x0000000080000000, 0x0000000085580000, 0x00000000d5580000)
  object space 87552K, 0% used [0x0000000080000000,0x0000000080039948,0x0000000085580000)
 Metaspace       used 13664K, capacity 13876K, committed 14080K, reserved 1060864K
  class space    used 1676K, capacity 1720K, committed 1792K, reserved 1048576K
Event: 3.134 GC heap after
Heap after GC invocations=2 (full 0):
 PSYoungGen      total 38400K, used 5110K [0x00000000d5580000, 0x00000000da080000, 0x0000000100000000)
  eden space 33280K, 0% used [0x00000000d5580000,0x00000000d5580000,0x00000000d7600000)
  from space 5120K, 99% used [0x00000000d7b00000,0x00000000d7ffd880,0x00000000d8000000)
  to   space 5120K, 0% used [0x00000000d7600000,0x00000000d7600000,0x00000000d7b00000)
 ParOldGen       total 87552K, used 1506K [0x0000000080000000, 0x0000000085580000, 0x00000000d5580000)
  object space 87552K, 1% used [0x0000000080000000,0x0000000080178a30,0x0000000085580000)
 Metaspace       used 13664K, capacity 13876K, committed 14080K, reserved 1060864K
  class space    used 1676K, capacity 1720K, committed 1792K, reserved 1048576K
}

Deoptimization events (10 events):
Event: 3.092 Thread 0x000000000220b000 Uncommon trap: reason=bimorphic action=maybe_recompile pc=0x0000000002aad714 method=java.util.HashMap.putVal(ILjava/lang/Object;Ljava/lang/Object;ZZ)Ljava/lang/Object; @ 253
Event: 3.092 Thread 0x000000000220b000 Uncommon trap: reason=bimorphic action=maybe_recompile pc=0x0000000002aad714 method=java.util.HashMap.putVal(ILjava/lang/Object;Ljava/lang/Object;ZZ)Ljava/lang/Object; @ 253
Event: 3.092 Thread 0x000000000220b000 Uncommon trap: reason=bimorphic action=maybe_recompile pc=0x0000000002aad714 method=java.util.HashMap.putVal(ILjava/lang/Object;Ljava/lang/Object;ZZ)Ljava/lang/Object; @ 253
Event: 3.092 Thread 0x000000000220b000 Uncommon trap: reason=bimorphic action=maybe_recompile pc=0x0000000002aafbf8 method=java.util.HashMap.putVal(ILjava/lang/Object;Ljava/lang/Object;ZZ)Ljava/lang/Object; @ 253
Event: 3.271 Thread 0x000000000220b000 Uncommon trap: reason=unstable_if action=reinterpret pc=0x0000000002a3a344 method=java.io.WinNTFileSystem.normalize(Ljava/lang/String;)Ljava/lang/String; @ 128
Event: 3.363 Thread 0x000000001a2a6000 Uncommon trap: reason=unstable_if action=reinterpret pc=0x0000000002bc9160 method=com.sun.org.apache.xerces.internal.impl.XMLEntityScanner.scanLiteral(ILcom/sun/org/apache/xerces/internal/xni/XMLString;Z)I @ 570
Event: 3.394 Thread 0x000000001a2a6000 Uncommon trap: reason=unstable_if action=reinterpret pc=0x0000000002bd2fdc method=com.sun.org.apache.xerces.internal.impl.XMLEntityScanner.skipSpaces()Z @ 125
Event: 3.420 Thread 0x000000001a2a6000 Uncommon trap: reason=unstable_if action=reinterpret pc=0x0000000002c408c4 method=com.sun.org.apache.xerces.internal.util.SymbolTable.addSymbol([CII)Ljava/lang/String; @ 38
Event: 3.421 Thread 0x000000001a2a6000 Uncommon trap: reason=unstable_if action=reinterpret pc=0x0000000002c06a50 method=com.sun.org.apache.xerces.internal.impl.XMLEntityScanner.scanLiteral(ILcom/sun/org/apache/xerces/internal/xni/XMLString;Z)I @ 44
Event: 3.424 Thread 0x000000001a2a6000 Uncommon trap: reason=unstable_if action=reinterpret pc=0x0000000002bf624c method=com.sun.org.apache.xerces.internal.util.SymbolTable.addSymbol([CII)Ljava/lang/String; @ 38

Internal exceptions (10 events):
Event: 2.767 Thread 0x000000000220b000 Exception <a 'java/lang/ClassNotFoundException': java/lang/ObjectCustomizer> (0x00000000d5953270) thrown at [C:\re\workspace\8-2-build-windows-amd64-cygwin\jdk8u144\9417\hotspot\src\share\vm\classfile\systemDictionary.cpp, line 210]
Event: 2.770 Thread 0x000000000220b000 Exception <a 'java/lang/ClassNotFoundException': org/springframework/boot/SpringApplicationCustomizer> (0x00000000d59798a0) thrown at [C:\re\workspace\8-2-build-windows-amd64-cygwin\jdk8u144\9417\hotspot\src\share\vm\classfile\systemDictionary.cpp, line 2
Event: 3.006 Thread 0x000000000220b000 Exception <a 'java/lang/NoSuchMethodError': org.slf4j.impl.StaticMDCBinder.getSingleton()Lorg/slf4j/impl/StaticMDCBinder;> (0x00000000d6d182f0) thrown at [C:\re\workspace\8-2-build-windows-amd64-cygwin\jdk8u144\9417\hotspot\src\share\vm\interpreter\linkRe
Event: 3.174 Thread 0x000000000220b000 Exception <a 'java/lang/ClassNotFoundException': java/lang/ObjectCustomizer> (0x00000000d5c96dc0) thrown at [C:\re\workspace\8-2-build-windows-amd64-cygwin\jdk8u144\9417\hotspot\src\share\vm\classfile\systemDictionary.cpp, line 210]
Event: 3.175 Thread 0x000000000220b000 Exception <a 'java/lang/ClassNotFoundException': org/springframework/context/annotation/ConfigurationClassPostProcessorCustomizer> (0x00000000d5d71468) thrown at [C:\re\workspace\8-2-build-windows-amd64-cygwin\jdk8u144\9417\hotspot\src\share\vm\classfile\
Event: 3.176 Thread 0x000000000220b000 Exception <a 'java/lang/ClassNotFoundException': org/springframework/beans/factory/support/BeanDefinitionRegistryPostProcessorCustomizer> (0x00000000d5d9d8f8) thrown at [C:\re\workspace\8-2-build-windows-amd64-cygwin\jdk8u144\9417\hotspot\src\share\vm\cla
Event: 3.177 Thread 0x000000000220b000 Exception <a 'java/lang/ClassNotFoundException': org/springframework/core/PriorityOrderedCustomizer> (0x00000000d5dafde8) thrown at [C:\re\workspace\8-2-build-windows-amd64-cygwin\jdk8u144\9417\hotspot\src\share\vm\classfile\systemDictionary.cpp, line 210
Event: 3.177 Thread 0x000000000220b000 Exception <a 'java/lang/ClassNotFoundException': org/springframework/context/ResourceLoaderAwareCustomizer> (0x00000000d5dc2ee0) thrown at [C:\re\workspace\8-2-build-windows-amd64-cygwin\jdk8u144\9417\hotspot\src\share\vm\classfile\systemDictionary.cpp, l
Event: 3.177 Thread 0x000000000220b000 Exception <a 'java/lang/ClassNotFoundException': org/springframework/beans/factory/BeanClassLoaderAwareCustomizer> (0x00000000d5dd8e08) thrown at [C:\re\workspace\8-2-build-windows-amd64-cygwin\jdk8u144\9417\hotspot\src\share\vm\classfile\systemDictionary
Event: 3.178 Thread 0x000000000220b000 Exception <a 'java/lang/ClassNotFoundException': org/springframework/context/EnvironmentAwareCustomizer> (0x00000000d5dec728) thrown at [C:\re\workspace\8-2-build-windows-amd64-cygwin\jdk8u144\9417\hotspot\src\share\vm\classfile\systemDictionary.cpp, line

Events (10 events):
Event: 3.437 loading class java/util/TreeMap$KeyIterator
Event: 3.437 loading class java/util/TreeMap$KeyIterator done
Event: 3.437 loading class com/sun/jmx/mbeanserver/ClassLoaderRepositorySupport
Event: 3.437 loading class com/sun/jmx/mbeanserver/ModifiableClassLoaderRepository
Event: 3.437 loading class javax/management/loading/ClassLoaderRepository
Event: 3.437 loading class javax/management/loading/ClassLoaderRepository done
Event: 3.437 loading class com/sun/jmx/mbeanserver/ModifiableClassLoaderRepository done
Event: 3.437 loading class com/sun/jmx/mbeanserver/ClassLoaderRepositorySupport done
Event: 3.437 loading class com/sun/jmx/mbeanserver/ClassLoaderRepositorySupport$LoaderEntry
Event: 3.437 loading class com/sun/jmx/mbeanserver/ClassLoaderRepositorySupport$LoaderEntry done


Dynamic libraries:
0x000000013ff10000 - 0x000000013ff47000 	D:\Program Files\Java\jdk1.8.0_144\bin\java.exe
0x00000000779e0000 - 0x0000000077b8a000 	C:\Windows\SYSTEM32\ntdll.dll
0x00000000778c0000 - 0x00000000779df000 	C:\Windows\system32\kernel32.dll
0x000007fefd740000 - 0x000007fefd7aa000 	C:\Windows\system32\KERNELBASE.dll
0x000007fefe460000 - 0x000007fefe53b000 	C:\Windows\system32\ADVAPI32.dll
0x000007fefe680000 - 0x000007fefe71f000 	C:\Windows\system32\msvcrt.dll
0x000007fefe810000 - 0x000007fefe82f000 	C:\Windows\SYSTEM32\sechost.dll
0x000007fefe9a0000 - 0x000007fefeacd000 	C:\Windows\system32\RPCRT4.dll
0x00000000777c0000 - 0x00000000778ba000 	C:\Windows\system32\USER32.dll
0x000007fefe720000 - 0x000007fefe787000 	C:\Windows\system32\GDI32.dll
0x000007fefe0c0000 - 0x000007fefe0ce000 	C:\Windows\system32\LPK.dll
0x000007fefe8d0000 - 0x000007fefe99b000 	C:\Windows\system32\USP10.dll
0x000007fefb9a0000 - 0x000007fefbb94000 	C:\Windows\WinSxS\amd64_microsoft.windows.common-controls_6595b64144ccf1df_6.0.7601.18837_none_fa3b1e3d17594757\COMCTL32.dll
0x000007fefdb30000 - 0x000007fefdba1000 	C:\Windows\system32\SHLWAPI.dll
0x000007fefead0000 - 0x000007fefeafe000 	C:\Windows\system32\IMM32.DLL
0x000007fefee30000 - 0x000007fefef39000 	C:\Windows\system32\MSCTF.dll
0x000007fefd5d0000 - 0x000007fefd5f6000 	C:\Windows\system32\vmwsci.dll
0x0000000077ba0000 - 0x0000000077ba7000 	C:\Windows\system32\PSAPI.DLL
0x000000006cc70000 - 0x000000006cd42000 	D:\Program Files\Java\jdk1.8.0_144\jre\bin\msvcr100.dll
0x000000006ab70000 - 0x000000006b40d000 	D:\Program Files\Java\jdk1.8.0_144\jre\bin\server\jvm.dll
0x000007fef8f30000 - 0x000007fef8f39000 	C:\Windows\system32\WSOCK32.dll
0x000007fefdbb0000 - 0x000007fefdbfd000 	C:\Windows\system32\WS2_32.dll
0x000007fefdc00000 - 0x000007fefdc08000 	C:\Windows\system32\NSI.dll
0x000007fefb890000 - 0x000007fefb8cb000 	C:\Windows\system32\WINMM.dll
0x000007fefca00000 - 0x000007fefca0c000 	C:\Windows\system32\VERSION.dll
0x000000006f8d0000 - 0x000000006f8df000 	D:\Program Files\Java\jdk1.8.0_144\jre\bin\verify.dll
0x000000006e570000 - 0x000000006e599000 	D:\Program Files\Java\jdk1.8.0_144\jre\bin\java.dll
0x00000000500a0000 - 0x00000000500c3000 	D:\Program Files\Java\jdk1.8.0_144\jre\bin\instrument.dll
0x000000006e7c0000 - 0x000000006e7d6000 	D:\Program Files\Java\jdk1.8.0_144\jre\bin\zip.dll
0x000007fefef40000 - 0x000007feffccb000 	C:\Windows\system32\SHELL32.dll
0x000007fefe0d0000 - 0x000007fefe2cc000 	C:\Windows\system32\ole32.dll
0x000007fefd6e0000 - 0x000007fefd6ef000 	C:\Windows\system32\profapi.dll
0x000007fef15e0000 - 0x000007fef15fa000 	D:\Program Files\JetBrains\IntelliJ IDEA 2017.2.1\bin\breakgen64.dll
0x000000006ce10000 - 0x000000006ce2a000 	D:\Program Files\Java\jdk1.8.0_144\jre\bin\net.dll
0x000007fefce30000 - 0x000007fefce85000 	C:\Windows\system32\mswsock.dll
0x000007fefce20000 - 0x000007fefce27000 	C:\Windows\System32\wship6.dll
0x0000000058210000 - 0x000000005821d000 	D:\Program Files\Java\jdk1.8.0_144\jre\bin\management.dll
0x000007fefbbc0000 - 0x000007fefbbd5000 	C:\Windows\system32\NLAapi.dll
0x000007fef9780000 - 0x000007fef9795000 	C:\Windows\system32\napinsp.dll
0x000007fef97a0000 - 0x000007fef97b9000 	C:\Windows\system32\pnrpnsp.dll
0x000007fefccb0000 - 0x000007fefcd0b000 	C:\Windows\system32\DNSAPI.dll
0x000007fef9980000 - 0x000007fef998b000 	C:\Windows\System32\winrnr.dll
0x000007fefc630000 - 0x000007fefc637000 	C:\Windows\System32\wshtcpip.dll
0x000007fefb600000 - 0x000007fefb627000 	C:\Windows\system32\IPHLPAPI.DLL
0x000007fefb5f0000 - 0x000007fefb5fb000 	C:\Windows\system32\WINNSI.DLL
0x000007fef9990000 - 0x000007fef9998000 	C:\Windows\system32\rasadhlp.dll
0x000007fefa3f0000 - 0x000007fefa443000 	C:\Windows\System32\fwpuclnt.dll

VM Arguments:
jvm_args: -javaagent:D:\Program Files\JetBrains\IntelliJ IDEA 2017.2.1\lib\idea_rt.jar=56164:D:\Program Files\JetBrains\IntelliJ IDEA 2017.2.1\bin -Dfile.encoding=UTF-8 
java_command: com.lql.graduation.Main
java_class_path (initial): D:\Program Files\Java\jdk1.8.0_144\jre\lib\charsets.jar;D:\Program Files\Java\jdk1.8.0_144\jre\lib\deploy.jar;D:\Program Files\Java\jdk1.8.0_144\jre\lib\ext\access-bridge-64.jar;D:\Program Files\Java\jdk1.8.0_144\jre\lib\ext\cldrdata.jar;D:\Program Files\Java\jdk1.8.0_144\jre\lib\ext\dnsns.jar;D:\Program Files\Java\jdk1.8.0_144\jre\lib\ext\jaccess.jar;D:\Program Files\Java\jdk1.8.0_144\jre\lib\ext\jfxrt.jar;D:\Program Files\Java\jdk1.8.0_144\jre\lib\ext\localedata.jar;D:\Program Files\Java\jdk1.8.0_144\jre\lib\ext\nashorn.jar;D:\Program Files\Java\jdk1.8.0_144\jre\lib\ext\sunec.jar;D:\Program Files\Java\jdk1.8.0_144\jre\lib\ext\sunjce_provider.jar;D:\Program Files\Java\jdk1.8.0_144\jre\lib\ext\sunmscapi.jar;D:\Program Files\Java\jdk1.8.0_144\jre\lib\ext\sunpkcs11.jar;D:\Program Files\Java\jdk1.8.0_144\jre\lib\ext\zipfs.jar;D:\Program Files\Java\jdk1.8.0_144\jre\lib\javaws.jar;D:\Program Files\Java\jdk1.8.0_144\jre\lib\jce.jar;D:\Program Files\Java\jdk1.8.0_144\jre\lib\jfr.jar;D:\Program Files\Java\jdk1.8.0_144\jre\lib\jfxswt.jar;D:\Program Files\Java\jdk1.8.0_144\jre\lib\jsse.jar;D:\Program Files\Java\jdk1.8.0_144\jre\lib\management-agent.jar;D:\Program Files\Java\jdk1.8.0_144\jre\lib\plugin.jar;D:\Program Files\Java\jdk1.8.0_144\jre\lib\resources.jar;D:\Program Files\Java\jdk1.8.0_144\jre\lib\rt.jar;D:\graduationWorkspace\graduation\target\classes;D:\maven\repository\org\springframework\boot\spring-boot-starter-web\1.5.9.RELEASE\spring-boot-starter-web-1.5.9.RELEASE.jar;D:\maven\repository\org\springframework\boot\spring-boot-starter\1.5.9.RELEASE\spring-boot-starter-1.5.9.RELEASE.jar;D:\maven\repository\org\springframework\boot\spring-boot\1.5.9.RELEASE\spring-boot-1.5.9.RELEASE.jar;D:\maven\repository\org\springframework\boot\spring-boot-autoconfigure\1.5.9.RELEASE\spring-boot-autoconfigure-1.5.9.RELEASE.jar;D:\maven\repository\org\springframework\boot\spring-boot-starter-logging\1.5.9.RELEASE\spring-boot-starter-logging-1.5.9.RELEASE
Launcher Type: SUN_STANDARD

Environment Variables:
JAVA_HOME=D:\Program Files\Java\jdk1.8.0_144
PATH=D:\LQL\Oracle\app\oracle\product\10.2.0\server\bin;C:\Windows\system32;C:\Windows;C:\Windows\System32\Wbem;C:\Windows\System32\WindowsPowerShell\v1.0\;C:\Program Files\Common Files\ThinPrint\;D:\Program Files\Java\jdk1.8.0_144\bin;D:\TortoisSVN\bin;D:\Xujiayi\°²×°°ü\mysql-5.7.20-winx64\bin;D:\apache-maven-3.5.2-bin\apache-maven-3.5.2\bin;D:\Program Files\Apache Software Foundation\Tomcat 9.0\bin;D:\Program Files\Java\jdk1.8.0_144/bin
USERNAME=1007
OS=Windows_NT
PROCESSOR_IDENTIFIER=Intel64 Family 6 Model 79 Stepping 1, GenuineIntel



---------------  S Y S T E M  ---------------

OS: Windows 7 , 64 bit Build 7601 (6.1.7601.23807)

CPU:total 4 (initial active 4) (2 cores per cpu, 1 threads per core) family 6 model 79 stepping 1, cmov, cx8, fxsr, mmx, sse, sse2, sse3, ssse3, sse4.1, sse4.2, popcnt, avx, aes, clmul, erms, 3dnowpref, tsc, tscinvbit

Memory: 4k page, physical 8388088k(1167032k free), swap 10483380k(3272k free)

vm_info: Java HotSpot(TM) 64-Bit Server VM (25.144-b01) for windows-amd64 JRE (1.8.0_144-b01), built on Jul 21 2017 21:57:33 by "java_re" with MS VC++ 10.0 (VS2010)

time: Tue Dec 26 16:17:06 2017
elapsed time: 3 seconds (0d 0h 0m 3s)

